{"level":"error","message":"Error: Not Found"}
{"level":"error","message":"Error: Not Found"}
{"level":"error","message":"Error: Not Found"}
{"level":"error","message":"Error: Not Found"}
{"level":"error","message":"Error: Not Found"}
{"level":"error","message":"Error: Not Found"}
{"level":"error","message":"Error: Not Found"}
{"level":"error","message":"Error: Not Found"}
{"level":"error","message":"Error: Not Found"}
{"level":"error","message":"Error: Not Found"}
{"level":"error","message":"Error: Not Found","timestamp":"2024-06-01T12:03:02.660Z"}
{"level":"error","message":"Error: Not Found","timestamp":"2024-06-01T12:08:11.946Z"}
{"level":"error","message":"Error: Not Found","timestamp":"2024-06-01T12:12:40.112Z"}
{"level":"error","message":"MongoDB connection error: Could not connect to any servers in your MongoDB Atlas cluster. One common reason is that you're trying to access the database from an IP that isn't whitelisted. Make sure your current IP address is on your Atlas cluster's IP whitelist: https://www.mongodb.com/docs/atlas/security-whitelist/","timestamp":"2024-06-02T02:37:27.127Z"}
{"level":"error","message":"Error: C:\\Users\\HUAWEI\\OneDrive\\Desktop\\codeEveryday\\MDN\\express-locallibrary-tutorial-mine\\views\\author_list.pug:18:1\n\nDeclaration of template inheritance (\"extends\") should be the first thing in the file. There can only be one extends statement per file.","timestamp":"2024-06-02T03:18:24.071Z"}
{"level":"error","message":"Error: C:\\Users\\HUAWEI\\OneDrive\\Desktop\\codeEveryday\\MDN\\express-locallibrary-tutorial-mine\\views\\author_detail.pug:20:1\n\nDeclaration of template inheritance (\"extends\") should be the first thing in the file. There can only be one extends statement per file.","timestamp":"2024-06-02T03:18:52.797Z"}
{"level":"error","message":"Error: Not Found","timestamp":"2024-06-02T03:19:59.924Z"}
{"level":"error","message":"Error: Cast to ObjectId failed for value \"create\" (type string) at path \"_id\" for model \"Book\"","timestamp":"2024-06-02T03:43:33.944Z"}
{"level":"error","message":"Error: Not Found","timestamp":"2024-06-06T10:24:41.496Z"}
{"level":"error","message":"Error: Cast to ObjectId failed for value \"create\" (type string) at path \"_id\" for model \"Book\"","timestamp":"2024-06-06T10:24:44.964Z"}
{"level":"error","message":"Error: Cast to ObjectId failed for value \"create\" (type string) at path \"_id\" for model \"Author\"","timestamp":"2024-06-06T10:24:51.724Z"}
{"level":"error","message":"Error: Invalid Genre ID","timestamp":"2024-06-06T10:24:53.434Z"}
{"level":"error","message":"Error: Cast to ObjectId failed for value \"create\" (type string) at path \"_id\" for model \"BookInstance\"","timestamp":"2024-06-06T10:24:55.349Z"}
{"level":"error","message":"Error: Cast to ObjectId failed for value \"create\" (type string) at path \"_id\" for model \"Book\"","timestamp":"2024-06-06T10:24:57.511Z"}
{"level":"error","message":"Error: Cast to ObjectId failed for value \"create\" (type string) at path \"_id\" for model \"Book\"","timestamp":"2024-06-06T10:25:43.348Z"}
{"level":"error","message":"Error: Cast to ObjectId failed for value \"create\" (type string) at path \"_id\" for model \"Book\"","timestamp":"2024-06-06T10:28:51.578Z"}
{"level":"error","message":"Error: Cast to ObjectId failed for value \"create\" (type string) at path \"_id\" for model \"Author\"","timestamp":"2024-06-06T10:28:53.158Z"}
{"level":"error","message":"Error: Invalid Genre ID","timestamp":"2024-06-06T10:28:53.942Z"}
{"level":"error","message":"Error: Cast to ObjectId failed for value \"create\" (type string) at path \"_id\" for model \"BookInstance\"","timestamp":"2024-06-06T10:28:54.431Z"}
{"level":"error","message":"Error: Cast to ObjectId failed for value \"create\" (type string) at path \"_id\" for model \"Book\"","timestamp":"2024-06-06T10:28:57.419Z"}
{"level":"error","message":"Error: Cast to ObjectId failed for value \"new\" (type string) at path \"_id\" for model \"Book\"","timestamp":"2024-06-06T10:29:01.282Z"}
{"level":"error","message":"Error: Not Found","timestamp":"2024-06-12T08:53:04.214Z"}
{"level":"error","message":"Error: Cast to ObjectId failed for value \"create\" (type string) at path \"_id\" for model \"Book\"","timestamp":"2024-06-12T08:54:39.756Z"}
{"level":"error","message":"Error: Cannot read properties of undefined (reading 'genre')","timestamp":"2024-06-12T09:00:44.957Z"}
{"level":"error","message":"Error: Cannot read properties of undefined (reading 'genre')","timestamp":"2024-06-12T09:07:27.633Z"}
{"level":"error","message":"Error: Cannot read properties of undefined (reading 'genre')","timestamp":"2024-06-12T09:13:31.736Z"}
{"level":"error","message":"Error: Not Found","timestamp":"2024-06-14T11:49:36.756Z"}
{"level":"error","message":"Error: Cannot read properties of undefined (reading 'genre')","timestamp":"2024-06-14T11:49:57.814Z"}
{"level":"error","message":"Error: Cannot read properties of undefined (reading 'genre')","timestamp":"2024-06-14T12:01:52.131Z"}
{"level":"error","message":"Error: Not Found","timestamp":"2024-06-27T01:53:21.717Z"}
{"level":"error","message":"Error: Not Found","timestamp":"2024-06-27T01:53:24.242Z"}
{"level":"error","message":"Error: Failed to lookup view \"genre_form\" in views directory \"C:\\Users\\HUAWEI\\OneDrive\\Desktop\\codeEveryday\\MDN\\express-locallibrary-tutorial-mine\\views\"","timestamp":"2024-06-27T01:58:59.480Z"}
{"level":"error","message":"Error: Failed to lookup view \"genre_form\" in views directory \"C:\\Users\\HUAWEI\\OneDrive\\Desktop\\codeEveryday\\MDN\\express-locallibrary-tutorial-mine\\views\"","timestamp":"2024-06-27T01:59:03.542Z"}
{"level":"error","message":"Error: Failed to lookup view \"genre_form\" in views directory \"C:\\Users\\HUAWEI\\OneDrive\\Desktop\\codeEveryday\\MDN\\express-locallibrary-tutorial-mine\\views\"","timestamp":"2024-06-27T02:05:47.833Z"}
{"level":"error","message":"Error: Failed to lookup view \"genre_form\" in views directory \"C:\\Users\\HUAWEI\\OneDrive\\Desktop\\codeEveryday\\MDN\\express-locallibrary-tutorial-mine\\views\"","timestamp":"2024-06-27T02:07:39.599Z"}
{"level":"error","message":"Error: Failed to lookup view \"genre_form\" in views directory \"C:\\Users\\HUAWEI\\OneDrive\\Desktop\\codeEveryday\\MDN\\express-locallibrary-tutorial-mine\\views\"","timestamp":"2024-06-27T02:25:41.927Z"}
{"level":"error","message":"Error: Failed to lookup view \"genre_form\" in views directory \"C:\\Users\\HUAWEI\\OneDrive\\Desktop\\codeEveryday\\MDN\\express-locallibrary-tutorial-mine\\views\"","timestamp":"2024-06-27T02:25:44.982Z"}
{"level":"error","message":"Error: Failed to lookup view \"genre_form\" in views directory \"C:\\Users\\HUAWEI\\OneDrive\\Desktop\\codeEveryday\\MDN\\express-locallibrary-tutorial-mine\\views\"","timestamp":"2024-06-27T02:25:50.625Z"}
{"level":"error","message":"Error: Not Found","timestamp":"2024-06-27T02:28:04.604Z"}
{"level":"error","message":"Error: Not Found","timestamp":"2024-06-27T02:44:16.176Z"}
{"level":"error","message":"Error: Not Found","timestamp":"2024-06-27T02:47:48.720Z"}
{"level":"error","message":"Error: C:\\Users\\HUAWEI\\OneDrive\\Desktop\\codeEveryday\\MDN\\express-locallibrary-tutorial-mine\\views\\layout.pug:118\n    116|                 a(href='/catalog/bookinstances/create') Create new book instance (copy)\n    117|         div(class='col-sm-10')\n  > 118|         if messages.error_msg\n    119|   .alert.alert-danger\n    120|     = messages.error_msg\n    121| if messages.success_msg\n\nCannot read properties of undefined (reading 'error_msg')","timestamp":"2024-06-27T03:21:13.782Z"}
{"level":"error","message":"Error: C:\\Users\\HUAWEI\\OneDrive\\Desktop\\codeEveryday\\MDN\\express-locallibrary-tutorial-mine\\views\\layout.pug:118\n    116|                 a(href='/catalog/bookinstances/create') Create new book instance (copy)\n    117|         div(class='col-sm-10')\n  > 118|         if messages.error_msg\n    119|   .alert.alert-danger\n    120|     = messages.error_msg\n    121| if messages.success_msg\n\nCannot read properties of undefined (reading 'error_msg')","timestamp":"2024-06-27T03:22:27.956Z"}
{"level":"error","message":"Error: C:\\Users\\HUAWEI\\OneDrive\\Desktop\\codeEveryday\\MDN\\express-locallibrary-tutorial-mine\\views\\layout.pug:38\n    36|                 a(href='/catalog/bookinstances/create') Create new book instance (copy)\n    37|         div(class='col-sm-10')\n  > 38|         if messages.error_msg\n    39|   .alert.alert-danger\n    40|     = messages.error_msg\n    41| if messages.success_msg\n\nCannot read properties of undefined (reading 'error_msg')","timestamp":"2024-06-27T03:40:57.767Z"}
{"level":"error","message":"Error: C:\\Users\\HUAWEI\\OneDrive\\Desktop\\codeEveryday\\MDN\\express-locallibrary-tutorial-mine\\views\\layout.pug:38\n    36|                 a(href='/catalog/bookinstances/create') Create new book instance (copy)\n    37|         div(class='col-sm-10')\n  > 38|         if messages.error_msg\n    39|   .alert.alert-danger\n    40|     = messages.error_msg\n    41| if messages.success_msg\n\nCannot read properties of undefined (reading 'error_msg')","timestamp":"2024-06-27T03:41:04.219Z"}
{"level":"error","message":"Error: C:\\Users\\HUAWEI\\OneDrive\\Desktop\\codeEveryday\\MDN\\express-locallibrary-tutorial-mine\\views\\layout.pug:38\n    36|                 a(href='/catalog/bookinstances/create') Create new book instance (copy)\n    37|         div(class='col-sm-10')\n  > 38|         if messages.error_msg\n    39|   .alert.alert-danger\n    40|     = messages.error_msg\n    41| if messages.success_msg\n\nCannot read properties of undefined (reading 'error_msg')","timestamp":"2024-06-27T03:41:08.416Z"}
{"level":"error","message":"Error: C:\\Users\\HUAWEI\\OneDrive\\Desktop\\codeEveryday\\MDN\\express-locallibrary-tutorial-mine\\views\\layout.pug:38\n    36|                 a(href='/catalog/bookinstances/create') Create new book instance (copy)\n    37|         div(class='col-sm-10')\n  > 38|         if messages.error_msg\n    39|   .alert.alert-danger\n    40|     = messages.error_msg\n    41| if messages.success_msg\n\nCannot read properties of undefined (reading 'error_msg')","timestamp":"2024-06-27T03:41:20.615Z"}
{"level":"error","message":"Error: C:\\Users\\HUAWEI\\OneDrive\\Desktop\\codeEveryday\\MDN\\express-locallibrary-tutorial-mine\\views\\layout.pug:38\n    36|                 a(href='/catalog/bookinstances/create') Create new book instance (copy)\n    37|         div(class='col-sm-10')\n  > 38|         if messages.error_msg\n    39|   .alert.alert-danger\n    40|     = messages.error_msg\n    41| if messages.success_msg\n\nCannot read properties of undefined (reading 'error_msg')","timestamp":"2024-06-27T03:41:23.606Z"}
{"level":"error","message":"Error: C:\\Users\\HUAWEI\\OneDrive\\Desktop\\codeEveryday\\MDN\\express-locallibrary-tutorial-mine\\views\\layout.pug:38\n    36|                 a(href='/catalog/bookinstances/create') Create new book instance (copy)\n    37|         div(class='col-sm-10')\n  > 38|         if messages.error_msg\n    39|   .alert.alert-danger\n    40|     = messages.error_msg\n    41| if messages.success_msg\n\nCannot read properties of undefined (reading 'error_msg')","timestamp":"2024-06-27T03:41:26.730Z"}
{"level":"error","message":"Error: C:\\Users\\HUAWEI\\OneDrive\\Desktop\\codeEveryday\\MDN\\express-locallibrary-tutorial-mine\\views\\layout.pug:38\n    36|                 a(href='/catalog/bookinstances/create') Create new book instance (copy)\n    37|         div(class='col-sm-10')\n  > 38|         if messages.error_msg\n    39|   .alert.alert-danger\n    40|     = messages.error_msg\n    41| if messages.success_msg\n\nCannot read properties of undefined (reading 'error_msg')","timestamp":"2024-06-27T03:42:38.167Z"}
{"level":"error","message":"Error: C:\\Users\\HUAWEI\\OneDrive\\Desktop\\codeEveryday\\MDN\\express-locallibrary-tutorial-mine\\views\\layout.pug:38\n    36|                 a(href='/catalog/bookinstances/create') Create new book instance (copy)\n    37|         div(class='col-sm-10')\n  > 38|         if messages.error_msg\n    39|   .alert.alert-danger\n    40|     = messages.error_msg\n    41| if messages.success_msg\n\nCannot read properties of undefined (reading 'error_msg')","timestamp":"2024-06-27T03:50:34.434Z"}
{"level":"error","message":"Error: C:\\Users\\HUAWEI\\OneDrive\\Desktop\\codeEveryday\\MDN\\express-locallibrary-tutorial-mine\\views\\layout.pug:38\n    36|                 a(href='/catalog/bookinstances/create') Create new book instance (copy)\n    37|         div(class='col-sm-10')\n  > 38|         if messages.error_msg\n    39|   .alert.alert-danger\n    40|     = messages.error_msg\n    41| if messages.success_msg\n\nCannot read properties of undefined (reading 'error_msg')","timestamp":"2024-06-27T03:50:37.193Z"}
{"level":"error","message":"Error: Author validation failed: familyName: Path `familyName` is required., firstName: Path `firstName` is required.","timestamp":"2024-06-27T03:52:44.437Z"}
{"level":"error","message":"Error: Author validation failed: familyName: Path `familyName` is required., firstName: Path `firstName` is required.","timestamp":"2024-06-27T03:53:57.108Z"}
{"level":"error","message":"Error: C:\\Users\\HUAWEI\\OneDrive\\Desktop\\codeEveryday\\MDN\\express-locallibrary-tutorial-mine\\views\\author_detail.pug:17:1\n\nOnly named blocks and mixins can appear at the top level of an extending template","timestamp":"2024-06-27T04:01:48.383Z"}
